2017-11-29-15:12:16 Reading input records from data/demo_input.csv


2017-11-29-15:12:16 Reading input record 88629264

2017-11-29-15:12:16 Checking if scientificName value is Empty - NO

2017-11-29-15:12:16 Trying external_check local_authority_source EXACT match for validating scientificName: <Placopecten magellanicus>

2017-11-29-15:12:16 EXACT match was SUCCESSFUL, compliant with local_authority_source: SUCCESSFUL

2017-11-29-15:12:16 UPDATING record 88629264: scientificNameAuthorship from <Gmelin, 1791> to <(Gmelin, 1791)>

2017-11-29-15:12:16 ACCEPTED the record 88629264


2017-11-29-15:12:16 Reading input record 70743361

2017-11-29-15:12:16 Checking if scientificName value is Empty - NO

2017-11-29-15:12:16 Trying external_check local_authority_source EXACT match for validating scientificName: <Placopecten magellanicus>

2017-11-29-15:12:16 EXACT match was SUCCESSFUL, compliant with local_authority_source: SUCCESSFUL

2017-11-29-15:12:16 ACCEPTED the record 70743361


2017-11-29-15:12:16 Reading input record 27615464

2017-11-29-15:12:16 Checking if scientificName value is Empty - NO

2017-11-29-15:12:16 Trying external_check local_authority_source EXACT match for validating scientificName: <magellanicus placopecten>

2017-11-29-15:12:16 EXACT match was FAILED, compliant with local_authority_source: FAILED

2017-11-29-15:12:16 Trying external_check local_authority_source FUZZY match for validating scientificName: <magellanicus placopecten>

2017-11-29-15:12:16 FUZZY match was FAILED, compliant with local_authority_source: FAILED

2017-11-29-15:12:16 UNABLE-to-validate the record 27615464


2017-11-29-15:12:16 Reading input record 12154205

2017-11-29-15:12:16 Checking if scientificName value is Empty - NO

2017-11-29-15:12:16 Trying external_check local_authority_source EXACT match for validating scientificName: <Placopecten magellanicus>

2017-11-29-15:12:16 EXACT match was SUCCESSFUL, compliant with local_authority_source: SUCCESSFUL

2017-11-29-15:12:16 UPDATING record 12154205: scientificNameAuthorship from <> to <(Gmelin, 1791)>

2017-11-29-15:12:16 ACCEPTED the record 12154205


2017-11-29-15:12:16 Reading input record 13116951

2017-11-29-15:12:16 Checking if scientificName value is Empty - NO

2017-11-29-15:12:16 Trying external_check local_authority_source EXACT match for validating scientificName: <Placopecten magellanicus>

2017-11-29-15:12:16 EXACT match was SUCCESSFUL, compliant with local_authority_source: SUCCESSFUL

2017-11-29-15:12:16 ACCEPTED the record 13116951


2017-11-29-15:12:16 Reading input record 45480123

2017-11-29-15:12:16 Checking if scientificName value is Empty - YES

2017-11-29-15:12:16 UNABLE-to-validate the record 45480123


2017-11-29-15:12:16 Reading input record 26858058

2017-11-29-15:12:16 Checking if scientificName value is Empty - NO

2017-11-29-15:12:16 Trying external_check local_authority_source EXACT match for validating scientificName: <Placopcten magellanicus>

2017-11-29-15:12:16 EXACT match was FAILED, compliant with local_authority_source: FAILED

2017-11-29-15:12:16 Trying external_check local_authority_source FUZZY match for validating scientificName: <Placopcten magellanicus>

2017-11-29-15:12:16 FUZZY match was SUCCESSFUL, compliant with local_authority_source: SUCCESSFUL

2017-11-29-15:12:16 UPDATING record 26858058: scientificName from <Placopcten magellanicus> to <Placopecten magellanicus>

2017-11-29-15:12:16 UPDATING record 26858058: scientificNameAuthorship from <Gmellin> to <(Gmelin, 1791)>

2017-11-29-15:12:16 ACCEPTED the record 26858058


2017-11-29-15:12:16 Reading input record 62735425

2017-11-29-15:12:16 Checking if scientificName value is Empty - NO

2017-11-29-15:12:16 Trying external_check local_authority_source EXACT match for validating scientificName: <Placopecten magellanicus>

2017-11-29-15:12:16 EXACT match was SUCCESSFUL, compliant with local_authority_source: SUCCESSFUL

2017-11-29-15:12:16 ACCEPTED the record 62735425


2017-11-29-15:12:16 Reading input record 34109674

2017-11-29-15:12:16 Checking if scientificName value is Empty - NO

2017-11-29-15:12:16 Trying external_check local_authority_source EXACT match for validating scientificName: <Nodipecten nodsus>

2017-11-29-15:12:16 EXACT match was FAILED, compliant with local_authority_source: FAILED

2017-11-29-15:12:16 Trying external_check local_authority_source FUZZY match for validating scientificName: <Nodipecten nodsus>

2017-11-29-15:12:16 FUZZY match was SUCCESSFUL, compliant with local_authority_source: SUCCESSFUL

2017-11-29-15:12:16 UPDATING record 34109674: scientificName from <Nodipecten nodsus> to <Nodipecten nodosus>

2017-11-29-15:12:16 ACCEPTED the record 34109674


2017-11-29-15:12:16 Reading input record 41267010

2017-11-29-15:12:16 Checking if scientificName value is Empty - NO

2017-11-29-15:12:16 Trying external_check local_authority_source EXACT match for validating scientificName: <Pecten nodosus>

2017-11-29-15:12:16 EXACT match was FAILED, compliant with local_authority_source: FAILED

2017-11-29-15:12:16 Trying external_check local_authority_source FUZZY match for validating scientificName: <Pecten nodosus>

2017-11-29-15:12:16 FUZZY match was SUCCESSFUL, compliant with local_authority_source: SUCCESSFUL

2017-11-29-15:12:16 UPDATING record 41267010: scientificName from <Pecten nodosus> to <Nodipecten nodosus>

2017-11-29-15:12:16 ACCEPTED the record 41267010


2017-11-29-15:12:16 Wrote 8 ACCEPTED records to run/demo_output_name_val.csv

2017-11-29-15:12:16 Wrote 2 UNABLE-to-validate records to run/demo_output_name_val.csv

2017-11-29-15:12:16 Reading input records from run/demo_output_name_val.csv


2017-11-29-15:12:16 Reading input record 88629264

2017-11-29-15:12:16 Checking if eventDate value is Empty: NO

2017-11-29-15:12:16 Trying self_check ISO_date_format-(YYYY-MM-DD) EXACT match for validating eventDate: <5/27/50>

2017-11-29-15:12:16 EXACT match was FAILED, compliant with ISO_date_format-(YYYY-MM-DD): FAILED

2017-11-29-15:12:16 UPDATING record 88629264: eventDate from <5/27/50> to <1950-05-27>

2017-11-29-15:12:16 ACCEPTED the record 88629264


2017-11-29-15:12:16 Reading input record 70743361

2017-11-29-15:12:16 Checking if eventDate value is Empty: NO

2017-11-29-15:12:16 Trying self_check ISO_date_format-(YYYY-MM-DD) EXACT match for validating eventDate: <1880-01-01/1880-12-31>

2017-11-29-15:12:16 EXACT match was SUCCESSFUL, compliant with ISO_date_format-(YYYY-MM-DD): SUCCESSFUL

2017-11-29-15:12:16 ACCEPTED the record 70743361


2017-11-29-15:12:16 Reading input record 27615464

2017-11-29-15:12:16 Checking if eventDate value is Empty: NO

2017-11-29-15:12:16 Trying self_check ISO_date_format-(YYYY-MM-DD) EXACT match for validating eventDate: <1963-09-01/1963-09-30>

2017-11-29-15:12:16 EXACT match was SUCCESSFUL, compliant with ISO_date_format-(YYYY-MM-DD): SUCCESSFUL

2017-11-29-15:12:16 ACCEPTED the record 27615464


2017-11-29-15:12:16 Reading input record 12154205

2017-11-29-15:12:16 Checking if eventDate value is Empty: NO

2017-11-29-15:12:16 Trying self_check ISO_date_format-(YYYY-MM-DD) EXACT match for validating eventDate: <1931-09-01/1931-09-30>

2017-11-29-15:12:16 EXACT match was SUCCESSFUL, compliant with ISO_date_format-(YYYY-MM-DD): SUCCESSFUL

2017-11-29-15:12:16 ACCEPTED the record 12154205


2017-11-29-15:12:16 Reading input record 13116951

2017-11-29-15:12:16 Checking if eventDate value is Empty: NO

2017-11-29-15:12:16 Trying self_check ISO_date_format-(YYYY-MM-DD) EXACT match for validating eventDate: <1880-01-01/1880-12-31>

2017-11-29-15:12:16 EXACT match was SUCCESSFUL, compliant with ISO_date_format-(YYYY-MM-DD): SUCCESSFUL

2017-11-29-15:12:16 ACCEPTED the record 13116951


2017-11-29-15:12:16 Reading input record 45480123

2017-11-29-15:12:16 Checking if eventDate value is Empty: NO

2017-11-29-15:12:16 Trying self_check ISO_date_format-(YYYY-MM-DD) EXACT match for validating eventDate: <1904-06-01/1904-06-30>

2017-11-29-15:12:16 EXACT match was SUCCESSFUL, compliant with ISO_date_format-(YYYY-MM-DD): SUCCESSFUL

2017-11-29-15:12:16 ACCEPTED the record 45480123


2017-11-29-15:12:16 Reading input record 26858058

2017-11-29-15:12:16 Checking if eventDate value is Empty: YES

2017-11-29-15:12:16 UNABLE-to-validate the record 26858058


2017-11-29-15:12:16 Reading input record 62735425

2017-11-29-15:12:16 Checking if eventDate value is Empty: YES

2017-11-29-15:12:16 UNABLE-to-validate the record 62735425


2017-11-29-15:12:16 Reading input record 34109674

2017-11-29-15:12:16 Checking if eventDate value is Empty: YES

2017-11-29-15:12:16 UNABLE-to-validate the record 34109674


2017-11-29-15:12:16 Reading input record 41267010

2017-11-29-15:12:16 Checking if eventDate value is Empty: YES

2017-11-29-15:12:16 UNABLE-to-validate the record 41267010


2017-11-29-15:12:16 Wrote 6 accepted records to run/demo_output_name_date_val.csv

2017-11-29-15:12:16 Wrote 4 UNABLE-to-validate records to run/demo_output_name_date_val.csv

